[+] Containers:
 |- [+] Container: /Game/FirstPerson/Maps/FirstPersonMap
 |   |- [+] ActorDescs:
 |   |   |- Guid:0EDB289B45CB7E0977A6DBA74201EE76 NativeClass:/Script/Engine.StaticMeshActor Name:StaticMeshActor_10 Label:SM_Cube6 SpatiallyLoaded:true EditorBounds:IsValid=true, Min=(X=2975.000 Y=0.000 Z=0.000), Max=(X=3000.000 Y=600.000 Z=250.000) RuntimeBounds:IsValid=true, Min=(X=2975.000 Y=0.000 Z=0.000), Max=(X=3000.000 Y=600.000 Z=250.000) RuntimeGrid:None EditorOnly:false RuntimeOnly:false HLODRelevant:true ListedInSceneOutliner:true IsMainWorldOnly:false FolderPath:Living Room FolderGuid:F6043FAC41042C080443A3BC5ADAED3B
 |   |   |- Guid:2BF6C27C4CD5666ABB9EE7A390AA38EC NativeClass:/Script/Engine.StaticMeshActor Name:StaticMeshActor_UAID_D4939025BD88B06B02_1419043465 Label:SM_Cube9 SpatiallyLoaded:true EditorBounds:IsValid=true, Min=(X=2475.000 Y=0.000 Z=0.000), Max=(X=2500.000 Y=225.000 Z=250.000) RuntimeBounds:IsValid=true, Min=(X=2475.000 Y=0.000 Z=0.000), Max=(X=2500.000 Y=225.000 Z=250.000) RuntimeGrid:None EditorOnly:false RuntimeOnly:false HLODRelevant:true ListedInSceneOutliner:true IsMainWorldOnly:false FolderPath:Living Room FolderGuid:F6043FAC41042C080443A3BC5ADAED3B
 |   |   |- Guid:403139F84F19A138FD757E8EA1A93D0A NativeClass:/Script/Engine.StaticMeshActor Name:StaticMeshActor_UAID_D4939025BD88B06B02_1609571468 Label:SM_Cube12 SpatiallyLoaded:true EditorBounds:IsValid=true, Min=(X=2500.000 Y=200.000 Z=0.000), Max=(X=2550.000 Y=225.000 Z=250.000) RuntimeBounds:IsValid=true, Min=(X=2500.000 Y=200.000 Z=0.000), Max=(X=2550.000 Y=225.000 Z=250.000) RuntimeGrid:None EditorOnly:false RuntimeOnly:false HLODRelevant:true ListedInSceneOutliner:true IsMainWorldOnly:false FolderPath:Living Room FolderGuid:F6043FAC41042C080443A3BC5ADAED3B
 |   |   |- Guid:4661892043105C3F2A246B9EA5B33949 NativeClass:/Script/Engine.StaticMeshActor Name:StaticMeshActor_UAID_D4939025BD88B06B02_1352225463 Label:SM_Cube7 SpatiallyLoaded:true EditorBounds:IsValid=true, Min=(X=2900.000 Y=-25.000 Z=0.000), Max=(X=3000.000 Y=0.000 Z=250.000) RuntimeBounds:IsValid=true, Min=(X=2900.000 Y=-25.000 Z=0.000), Max=(X=3000.000 Y=0.000 Z=250.000) RuntimeGrid:None EditorOnly:false RuntimeOnly:false HLODRelevant:true ListedInSceneOutliner:true IsMainWorldOnly:false FolderPath:Living Room FolderGuid:F6043FAC41042C080443A3BC5ADAED3B
 |   |   |- Guid:6DC2106B4B0DCD0A03CAA3BD585903B2 NativeClass:/Script/Engine.StaticMeshActor Name:StaticMeshActor_UAID_D4939025BD88B06B02_1404076464 Label:SM_Cube8 SpatiallyLoaded:true EditorBounds:IsValid=true, Min=(X=2475.000 Y=-25.000 Z=0.000), Max=(X=2600.000 Y=0.000 Z=250.000) RuntimeBounds:IsValid=true, Min=(X=2475.000 Y=-25.000 Z=0.000), Max=(X=2600.000 Y=0.000 Z=250.000) RuntimeGrid:None EditorOnly:false RuntimeOnly:false HLODRelevant:true ListedInSceneOutliner:true IsMainWorldOnly:false FolderPath:Living Room FolderGuid:F6043FAC41042C080443A3BC5ADAED3B
 |   |   |- Guid:6FEFB3BD4EB37B849EF0D4AC80F83855 NativeClass:/Script/Engine.WorldDataLayers Name:WorldDataLayers Label:WorldDataLayers SpatiallyLoaded:false EditorBounds:IsValid=true, Min=(X=0.000 Y=0.000 Z=0.000), Max=(X=0.000 Y=0.000 Z=0.000) RuntimeBounds:IsValid=true, Min=(X=0.000 Y=0.000 Z=0.000), Max=(X=0.000 Y=0.000 Z=0.000) RuntimeGrid:None EditorOnly:false RuntimeOnly:false HLODRelevant:false ListedInSceneOutliner:true IsMainWorldOnly:true
 |   |   |- Guid:78CAF7514C7533F30BD2F19A017AAB65 NativeClass:/Script/Engine.StaticMeshActor Name:StaticMeshActor_0 Label:Floor SpatiallyLoaded:true EditorBounds:IsValid=true, Min=(X=0.000 Y=0.000 Z=-50.000), Max=(X=3000.000 Y=3500.000 Z=0.000) RuntimeBounds:IsValid=true, Min=(X=0.000 Y=0.000 Z=-50.000), Max=(X=3000.000 Y=3500.000 Z=0.000) RuntimeGrid:None EditorOnly:false RuntimeOnly:false HLODRelevant:true ListedInSceneOutliner:true IsMainWorldOnly:false FolderGuid:6C02BB504B69D1F3D7A624B130C18E5B
 |   |   |- Guid:A354B1B24E617A525DC6B48CCDE2417E NativeClass:/Script/Engine.PlayerStart Name:PlayerStart_0 Label:PlayerStart SpatiallyLoaded:false EditorBounds:IsValid=true, Min=(X=2617.000 Y=-68.000 Z=-35.987), Max=(X=2985.000 Y=188.000 Z=220.013) RuntimeBounds:IsValid=true, Min=(X=2705.000 Y=20.000 Z=0.013), Max=(X=2785.000 Y=100.000 Z=184.013) RuntimeGrid:None EditorOnly:false RuntimeOnly:false HLODRelevant:false ListedInSceneOutliner:true IsMainWorldOnly:false
 |   |   |- Guid:F80621C9446867154938FE81375207DA NativeClass:/Script/Engine.DirectionalLight Name:DirectionalLight_1 Label:DirectionalLight SpatiallyLoaded:false EditorBounds:IsValid=false, Min=(X=0.000 Y=0.000 Z=0.000), Max=(X=0.000 Y=0.000 Z=0.000) RuntimeBounds:IsValid=false, Min=(X=0.000 Y=0.000 Z=0.000), Max=(X=0.000 Y=0.000 Z=0.000) RuntimeGrid:None EditorOnly:false RuntimeOnly:false HLODRelevant:false ListedInSceneOutliner:true IsMainWorldOnly:false FolderPath:Lighting FolderGuid:0BA5F0A04EADB18E70D5B180D08FA34B
 |   |   |- Guid:FEE87CFC4D8BE09B5ACCAF802F91551C NativeClass:/Script/Engine.StaticMeshActor Name:StaticMeshActor_UAID_D4939025BD88B06B02_1519745467 Label:SM_Cube11 SpatiallyLoaded:true EditorBounds:IsValid=true, Min=(X=2925.000 Y=200.000 Z=0.000), Max=(X=2975.000 Y=225.000 Z=250.000) RuntimeBounds:IsValid=true, Min=(X=2925.000 Y=200.000 Z=0.000), Max=(X=2975.000 Y=225.000 Z=250.000) RuntimeGrid:None EditorOnly:false RuntimeOnly:false HLODRelevant:true ListedInSceneOutliner:true IsMainWorldOnly:false FolderPath:Living Room FolderGuid:F6043FAC41042C080443A3BC5ADAED3B
 |   |- [+] Clusters:
 |   |   |- [+] [  0]
 |   |   |   |- Guid:0EDB289B45CB7E0977A6DBA74201EE76 NativeClass:/Script/Engine.StaticMeshActor Name:StaticMeshActor_10 Label:SM_Cube6 SpatiallyLoaded:true EditorBounds:IsValid=true, Min=(X=2975.000 Y=0.000 Z=0.000), Max=(X=3000.000 Y=600.000 Z=250.000) RuntimeBounds:IsValid=true, Min=(X=2975.000 Y=0.000 Z=0.000), Max=(X=3000.000 Y=600.000 Z=250.000) RuntimeGrid:None EditorOnly:false RuntimeOnly:false HLODRelevant:true ListedInSceneOutliner:true IsMainWorldOnly:false FolderPath:Living Room FolderGuid:F6043FAC41042C080443A3BC5ADAED3B
 |   |   |- [+] [  1]
 |   |   |   |- Guid:2BF6C27C4CD5666ABB9EE7A390AA38EC NativeClass:/Script/Engine.StaticMeshActor Name:StaticMeshActor_UAID_D4939025BD88B06B02_1419043465 Label:SM_Cube9 SpatiallyLoaded:true EditorBounds:IsValid=true, Min=(X=2475.000 Y=0.000 Z=0.000), Max=(X=2500.000 Y=225.000 Z=250.000) RuntimeBounds:IsValid=true, Min=(X=2475.000 Y=0.000 Z=0.000), Max=(X=2500.000 Y=225.000 Z=250.000) RuntimeGrid:None EditorOnly:false RuntimeOnly:false HLODRelevant:true ListedInSceneOutliner:true IsMainWorldOnly:false FolderPath:Living Room FolderGuid:F6043FAC41042C080443A3BC5ADAED3B
 |   |   |- [+] [  2]
 |   |   |   |- Guid:403139F84F19A138FD757E8EA1A93D0A NativeClass:/Script/Engine.StaticMeshActor Name:StaticMeshActor_UAID_D4939025BD88B06B02_1609571468 Label:SM_Cube12 SpatiallyLoaded:true EditorBounds:IsValid=true, Min=(X=2500.000 Y=200.000 Z=0.000), Max=(X=2550.000 Y=225.000 Z=250.000) RuntimeBounds:IsValid=true, Min=(X=2500.000 Y=200.000 Z=0.000), Max=(X=2550.000 Y=225.000 Z=250.000) RuntimeGrid:None EditorOnly:false RuntimeOnly:false HLODRelevant:true ListedInSceneOutliner:true IsMainWorldOnly:false FolderPath:Living Room FolderGuid:F6043FAC41042C080443A3BC5ADAED3B
 |   |   |- [+] [  3]
 |   |   |   |- Guid:4661892043105C3F2A246B9EA5B33949 NativeClass:/Script/Engine.StaticMeshActor Name:StaticMeshActor_UAID_D4939025BD88B06B02_1352225463 Label:SM_Cube7 SpatiallyLoaded:true EditorBounds:IsValid=true, Min=(X=2900.000 Y=-25.000 Z=0.000), Max=(X=3000.000 Y=0.000 Z=250.000) RuntimeBounds:IsValid=true, Min=(X=2900.000 Y=-25.000 Z=0.000), Max=(X=3000.000 Y=0.000 Z=250.000) RuntimeGrid:None EditorOnly:false RuntimeOnly:false HLODRelevant:true ListedInSceneOutliner:true IsMainWorldOnly:false FolderPath:Living Room FolderGuid:F6043FAC41042C080443A3BC5ADAED3B
 |   |   |- [+] [  4]
 |   |   |   |- Guid:6DC2106B4B0DCD0A03CAA3BD585903B2 NativeClass:/Script/Engine.StaticMeshActor Name:StaticMeshActor_UAID_D4939025BD88B06B02_1404076464 Label:SM_Cube8 SpatiallyLoaded:true EditorBounds:IsValid=true, Min=(X=2475.000 Y=-25.000 Z=0.000), Max=(X=2600.000 Y=0.000 Z=250.000) RuntimeBounds:IsValid=true, Min=(X=2475.000 Y=-25.000 Z=0.000), Max=(X=2600.000 Y=0.000 Z=250.000) RuntimeGrid:None EditorOnly:false RuntimeOnly:false HLODRelevant:true ListedInSceneOutliner:true IsMainWorldOnly:false FolderPath:Living Room FolderGuid:F6043FAC41042C080443A3BC5ADAED3B
 |   |   |- [+] [  5]
 |   |   |   |- Guid:6FEFB3BD4EB37B849EF0D4AC80F83855 NativeClass:/Script/Engine.WorldDataLayers Name:WorldDataLayers Label:WorldDataLayers SpatiallyLoaded:false EditorBounds:IsValid=true, Min=(X=0.000 Y=0.000 Z=0.000), Max=(X=0.000 Y=0.000 Z=0.000) RuntimeBounds:IsValid=true, Min=(X=0.000 Y=0.000 Z=0.000), Max=(X=0.000 Y=0.000 Z=0.000) RuntimeGrid:None EditorOnly:false RuntimeOnly:false HLODRelevant:false ListedInSceneOutliner:true IsMainWorldOnly:true
 |   |   |- [+] [  6]
 |   |   |   |- Guid:78CAF7514C7533F30BD2F19A017AAB65 NativeClass:/Script/Engine.StaticMeshActor Name:StaticMeshActor_0 Label:Floor SpatiallyLoaded:true EditorBounds:IsValid=true, Min=(X=0.000 Y=0.000 Z=-50.000), Max=(X=3000.000 Y=3500.000 Z=0.000) RuntimeBounds:IsValid=true, Min=(X=0.000 Y=0.000 Z=-50.000), Max=(X=3000.000 Y=3500.000 Z=0.000) RuntimeGrid:None EditorOnly:false RuntimeOnly:false HLODRelevant:true ListedInSceneOutliner:true IsMainWorldOnly:false FolderGuid:6C02BB504B69D1F3D7A624B130C18E5B
 |   |   |- [+] [  7]
 |   |   |   |- Guid:A354B1B24E617A525DC6B48CCDE2417E NativeClass:/Script/Engine.PlayerStart Name:PlayerStart_0 Label:PlayerStart SpatiallyLoaded:false EditorBounds:IsValid=true, Min=(X=2617.000 Y=-68.000 Z=-35.987), Max=(X=2985.000 Y=188.000 Z=220.013) RuntimeBounds:IsValid=true, Min=(X=2705.000 Y=20.000 Z=0.013), Max=(X=2785.000 Y=100.000 Z=184.013) RuntimeGrid:None EditorOnly:false RuntimeOnly:false HLODRelevant:false ListedInSceneOutliner:true IsMainWorldOnly:false
 |   |   |- [+] [  8]
 |   |   |   |- Guid:F80621C9446867154938FE81375207DA NativeClass:/Script/Engine.DirectionalLight Name:DirectionalLight_1 Label:DirectionalLight SpatiallyLoaded:false EditorBounds:IsValid=false, Min=(X=0.000 Y=0.000 Z=0.000), Max=(X=0.000 Y=0.000 Z=0.000) RuntimeBounds:IsValid=false, Min=(X=0.000 Y=0.000 Z=0.000), Max=(X=0.000 Y=0.000 Z=0.000) RuntimeGrid:None EditorOnly:false RuntimeOnly:false HLODRelevant:false ListedInSceneOutliner:true IsMainWorldOnly:false FolderPath:Lighting FolderGuid:0BA5F0A04EADB18E70D5B180D08FA34B
 |   |   |- [+] [  9]
 |   |   |   |- Guid:FEE87CFC4D8BE09B5ACCAF802F91551C NativeClass:/Script/Engine.StaticMeshActor Name:StaticMeshActor_UAID_D4939025BD88B06B02_1519745467 Label:SM_Cube11 SpatiallyLoaded:true EditorBounds:IsValid=true, Min=(X=2925.000 Y=200.000 Z=0.000), Max=(X=2975.000 Y=225.000 Z=250.000) RuntimeBounds:IsValid=true, Min=(X=2925.000 Y=200.000 Z=0.000), Max=(X=2975.000 Y=225.000 Z=250.000) RuntimeGrid:None EditorOnly:false RuntimeOnly:false HLODRelevant:true ListedInSceneOutliner:true IsMainWorldOnly:false FolderPath:Living Room FolderGuid:F6043FAC41042C080443A3BC5ADAED3B
 |- ContainerInstances:
 |- [+] MainContainer:
 |   |-        ID: 00000000000000000000000000000000
 |   |-  ParentID: 00000000000000000000000000000000
 |   |-    Bounds: IsValid=false, Min=(X=0.000 Y=0.000 Z=0.000), Max=(X=0.000 Y=0.000 Z=0.000)
 |   |- Transform: 0.000000,0.000000,0.000000|0.000000,0.000000,-0.000000|1.000000,1.000000,1.000000
 |   |- Container: /Game/FirstPerson/Maps/FirstPersonMap
----------------------------------------------------------------------------------------------------------------
FirstPersonMap - Persistent Level
----------------------------------------------------------------------------------------------------------------
[+] Content of FirstPersonMap Persistent Level
 |- Always loaded Actor Count: 10 
 |- Actor Path: /Game/FirstPerson/Maps/FirstPersonMap.FirstPersonMap:PersistentLevel.DirectionalLight_1
 |- Actor Package: /Game/__ExternalActors__/FirstPerson/Maps/FirstPersonMap/0/WB/V4ALNTJYOVWM8BU452CKV5
 |- Actor Path: /Game/FirstPerson/Maps/FirstPersonMap.FirstPersonMap:PersistentLevel.PlayerStart_0
 |- Actor Package: /Game/__ExternalActors__/FirstPerson/Maps/FirstPersonMap/8/Z7/W1SXRCM1KAKBJOIZDLHZ47
 |- Actor Path: /Game/FirstPerson/Maps/FirstPersonMap.FirstPersonMap:PersistentLevel.StaticMeshActor_0
 |- Actor Package: /Game/__ExternalActors__/FirstPerson/Maps/FirstPersonMap/7/L5/1ZJ54FMA0DAL3I2Q8RFAIB
 |- Actor Path: /Game/FirstPerson/Maps/FirstPersonMap.FirstPersonMap:PersistentLevel.StaticMeshActor_10
 |- Actor Package: /Game/__ExternalActors__/FirstPerson/Maps/FirstPersonMap/A/XJ/HL558UUAGCS9HVVOI0S7PX
 |- Actor Path: /Game/FirstPerson/Maps/FirstPersonMap.FirstPersonMap:PersistentLevel.StaticMeshActor_UAID_D4939025BD88B06B02_1352225463
 |- Actor Package: /Game/__ExternalActors__/FirstPerson/Maps/FirstPersonMap/8/13/FELS6L1KMBRTYDTPYLWYXR
 |- Actor Path: /Game/FirstPerson/Maps/FirstPersonMap.FirstPersonMap:PersistentLevel.StaticMeshActor_UAID_D4939025BD88B06B02_1404076464
 |- Actor Package: /Game/__ExternalActors__/FirstPerson/Maps/FirstPersonMap/C/D3/6Q4Z384KGZU3I98798FMI2
 |- Actor Path: /Game/FirstPerson/Maps/FirstPersonMap.FirstPersonMap:PersistentLevel.StaticMeshActor_UAID_D4939025BD88B06B02_1419043465
 |- Actor Package: /Game/__ExternalActors__/FirstPerson/Maps/FirstPersonMap/8/XB/Y3ZVGDGJSAXFQDT721DTRE
 |- Actor Path: /Game/FirstPerson/Maps/FirstPersonMap.FirstPersonMap:PersistentLevel.StaticMeshActor_UAID_D4939025BD88B06B02_1519745467
 |- Actor Package: /Game/__ExternalActors__/FirstPerson/Maps/FirstPersonMap/D/FS/7YC7LB74E4C0372F5EQRVE
 |- Actor Path: /Game/FirstPerson/Maps/FirstPersonMap.FirstPersonMap:PersistentLevel.StaticMeshActor_UAID_D4939025BD88B06B02_1609571468
 |- Actor Package: /Game/__ExternalActors__/FirstPerson/Maps/FirstPersonMap/7/XK/PY3COZBYW4EAQQI84Y5BJ5
 |- Actor Path: /Game/FirstPerson/Maps/FirstPersonMap.FirstPersonMap:PersistentLevel.WorldDataLayers
 |- Actor Package: /Game/__ExternalActors__/FirstPerson/Maps/FirstPersonMap/D/0W/E1FKEGVKGOLM7HGLQPCIPO

----------------------------------------------------------------------------------------------------------------
FirstPersonMap - Runtime Hash Set
----------------------------------------------------------------------------------------------------------------

