[+] Containers:
 |- [+] Container: /Game/FirstPerson/Maps/FirstPersonMap
 |   |- [+] ActorDescs:
 |   |   |- Guid:0EDB289B45CB7E0977A6DBA74201EE76 NativeClass:/Script/Engine.StaticMeshActor Name:StaticMeshActor_10 Label:SM_Cube6 SpatiallyLoaded:true EditorBounds:IsValid=true, Min=(X=2975.000 Y=0.000 Z=0.000), Max=(X=3000.000 Y=700.000 Z=300.000) RuntimeBounds:IsValid=true, Min=(X=2975.000 Y=0.000 Z=0.000), Max=(X=3000.000 Y=700.000 Z=300.000) RuntimeGrid:None EditorOnly:false RuntimeOnly:false HLODRelevant:true ListedInSceneOutliner:true IsMainWorldOnly:false FolderPath:Living Room FolderGuid:F6043FAC41042C080443A3BC5ADAED3B
 |   |   |- Guid:141E6F4741B7C83C4D498D9918BFF2A5 NativeClass:/Script/Engine.StaticMeshActor Name:StaticMeshActor_UAID_D4939025BD88B16B02_1220343662 Label:SM_Cube24 SpatiallyLoaded:true EditorBounds:IsValid=true, Min=(X=2600.000 Y=700.000 Z=0.000), Max=(X=3000.000 Y=725.000 Z=300.000) RuntimeBounds:IsValid=true, Min=(X=2600.000 Y=700.000 Z=0.000), Max=(X=3000.000 Y=725.000 Z=300.000) RuntimeGrid:None EditorOnly:false RuntimeOnly:false HLODRelevant:true ListedInSceneOutliner:true IsMainWorldOnly:false FolderPath:Living Room FolderGuid:F6043FAC41042C080443A3BC5ADAED3B
 |   |   |- Guid:234C0BB54E2539E32CD3AD984C5967CA NativeClass:/Script/Engine.StaticMeshActor Name:StaticMeshActor_UAID_D4939025BD88B16B02_1179577661 Label:SM_Cube23 SpatiallyLoaded:true EditorBounds:IsValid=true, Min=(X=2350.000 Y=1200.000 Z=0.000), Max=(X=2375.000 Y=1275.000 Z=300.000) RuntimeBounds:IsValid=true, Min=(X=2350.000 Y=1200.000 Z=0.000), Max=(X=2375.000 Y=1275.000 Z=300.000) RuntimeGrid:None EditorOnly:false RuntimeOnly:false HLODRelevant:true ListedInSceneOutliner:true IsMainWorldOnly:false FolderPath:Kitchen FolderGuid:CC0139254EED4E73DEEB9A8B497EFBE6
 |   |   |- Guid:29CD034542F9FDE689CC748BA4E1AA6F NativeClass:/Script/Engine.StaticMeshActor Name:StaticMeshActor_UAID_D4939025BD88B06B02_1733727469 Label:SM_Cube13 SpatiallyLoaded:true EditorBounds:IsValid=true, Min=(X=2275.000 Y=200.000 Z=0.000), Max=(X=2475.000 Y=225.000 Z=300.000) RuntimeBounds:IsValid=true, Min=(X=2275.000 Y=200.000 Z=0.000), Max=(X=2475.000 Y=225.000 Z=300.000) RuntimeGrid:None EditorOnly:false RuntimeOnly:false HLODRelevant:true ListedInSceneOutliner:true IsMainWorldOnly:false FolderPath:Dinning Room FolderGuid:7144BF7847D9813E5E53C6A1DDE3D1F6
 |   |   |- Guid:2BF6C27C4CD5666ABB9EE7A390AA38EC NativeClass:/Script/Engine.StaticMeshActor Name:StaticMeshActor_UAID_D4939025BD88B06B02_1419043465 Label:SM_Cube9 SpatiallyLoaded:true EditorBounds:IsValid=true, Min=(X=2475.000 Y=0.000 Z=0.000), Max=(X=2500.000 Y=225.000 Z=300.000) RuntimeBounds:IsValid=true, Min=(X=2475.000 Y=0.000 Z=0.000), Max=(X=2500.000 Y=225.000 Z=300.000) RuntimeGrid:None EditorOnly:false RuntimeOnly:false HLODRelevant:true ListedInSceneOutliner:true IsMainWorldOnly:false FolderPath:Living Room FolderGuid:F6043FAC41042C080443A3BC5ADAED3B
 |   |   |- Guid:403139F84F19A138FD757E8EA1A93D0A NativeClass:/Script/Engine.StaticMeshActor Name:StaticMeshActor_UAID_D4939025BD88B06B02_1609571468 Label:SM_Cube12 SpatiallyLoaded:true EditorBounds:IsValid=true, Min=(X=2500.000 Y=200.000 Z=0.000), Max=(X=2600.000 Y=225.000 Z=300.000) RuntimeBounds:IsValid=true, Min=(X=2500.000 Y=200.000 Z=0.000), Max=(X=2600.000 Y=225.000 Z=300.000) RuntimeGrid:None EditorOnly:false RuntimeOnly:false HLODRelevant:true ListedInSceneOutliner:true IsMainWorldOnly:false FolderPath:Living Room FolderGuid:F6043FAC41042C080443A3BC5ADAED3B
 |   |   |- Guid:4661892043105C3F2A246B9EA5B33949 NativeClass:/Script/Engine.StaticMeshActor Name:StaticMeshActor_UAID_D4939025BD88B06B02_1352225463 Label:SM_Cube7 SpatiallyLoaded:true EditorBounds:IsValid=true, Min=(X=2900.000 Y=-25.000 Z=0.000), Max=(X=3000.000 Y=0.000 Z=300.000) RuntimeBounds:IsValid=true, Min=(X=2900.000 Y=-25.000 Z=0.000), Max=(X=3000.000 Y=0.000 Z=300.000) RuntimeGrid:None EditorOnly:false RuntimeOnly:false HLODRelevant:true ListedInSceneOutliner:true IsMainWorldOnly:false FolderPath:Living Room FolderGuid:F6043FAC41042C080443A3BC5ADAED3B
 |   |   |- Guid:59845A9A4B2F3991C82805889D87C5F6 NativeClass:/Script/Engine.StaticMeshActor Name:StaticMeshActor_UAID_D4939025BD88B16B02_1149380660 Label:SM_Cube22 SpatiallyLoaded:true EditorBounds:IsValid=true, Min=(X=1825.000 Y=725.000 Z=0.000), Max=(X=1850.000 Y=800.000 Z=300.000) RuntimeBounds:IsValid=true, Min=(X=1825.000 Y=725.000 Z=0.000), Max=(X=1850.000 Y=800.000 Z=300.000) RuntimeGrid:None EditorOnly:false RuntimeOnly:false HLODRelevant:true ListedInSceneOutliner:true IsMainWorldOnly:false FolderPath:Kitchen FolderGuid:CC0139254EED4E73DEEB9A8B497EFBE6
 |   |   |- Guid:5F75F747413F2CF1B13056A1A5CAF9B2 NativeClass:/Script/Engine.StaticMeshActor Name:StaticMeshActor_UAID_D4939025BD88B16B02_1135419659 Label:SM_Cube21 SpatiallyLoaded:true EditorBounds:IsValid=true, Min=(X=1800.000 Y=725.000 Z=0.000), Max=(X=1825.000 Y=1300.000 Z=300.000) RuntimeBounds:IsValid=true, Min=(X=1800.000 Y=725.000 Z=0.000), Max=(X=1825.000 Y=1300.000 Z=300.000) RuntimeGrid:None EditorOnly:false RuntimeOnly:false HLODRelevant:true ListedInSceneOutliner:true IsMainWorldOnly:false FolderPath:Kitchen FolderGuid:CC0139254EED4E73DEEB9A8B497EFBE6
 |   |   |- Guid:65308EB14FD820A4FDFAF5B8AA11C2D9 NativeClass:/Script/Engine.StaticMeshActor Name:StaticMeshActor_UAID_D4939025BD88B16B02_1100224656 Label:SM_Cube20 SpatiallyLoaded:true EditorBounds:IsValid=true, Min=(X=1825.000 Y=1275.000 Z=0.000), Max=(X=2375.000 Y=1300.000 Z=300.000) RuntimeBounds:IsValid=true, Min=(X=1825.000 Y=1275.000 Z=0.000), Max=(X=2375.000 Y=1300.000 Z=300.000) RuntimeGrid:None EditorOnly:false RuntimeOnly:false HLODRelevant:true ListedInSceneOutliner:true IsMainWorldOnly:false FolderPath:Kitchen FolderGuid:CC0139254EED4E73DEEB9A8B497EFBE6
 |   |   |- Guid:6DC2106B4B0DCD0A03CAA3BD585903B2 NativeClass:/Script/Engine.StaticMeshActor Name:StaticMeshActor_UAID_D4939025BD88B06B02_1404076464 Label:SM_Cube8 SpatiallyLoaded:true EditorBounds:IsValid=true, Min=(X=2475.000 Y=-25.000 Z=0.000), Max=(X=2600.000 Y=0.000 Z=300.000) RuntimeBounds:IsValid=true, Min=(X=2475.000 Y=-25.000 Z=0.000), Max=(X=2600.000 Y=0.000 Z=300.000) RuntimeGrid:None EditorOnly:false RuntimeOnly:false HLODRelevant:true ListedInSceneOutliner:true IsMainWorldOnly:false FolderPath:Living Room FolderGuid:F6043FAC41042C080443A3BC5ADAED3B
 |   |   |- Guid:6FEFB3BD4EB37B849EF0D4AC80F83855 NativeClass:/Script/Engine.WorldDataLayers Name:WorldDataLayers Label:WorldDataLayers SpatiallyLoaded:false EditorBounds:IsValid=true, Min=(X=0.000 Y=0.000 Z=0.000), Max=(X=0.000 Y=0.000 Z=0.000) RuntimeBounds:IsValid=true, Min=(X=0.000 Y=0.000 Z=0.000), Max=(X=0.000 Y=0.000 Z=0.000) RuntimeGrid:None EditorOnly:false RuntimeOnly:false HLODRelevant:false ListedInSceneOutliner:true IsMainWorldOnly:true
 |   |   |- Guid:78CAF7514C7533F30BD2F19A017AAB65 NativeClass:/Script/Engine.StaticMeshActor Name:StaticMeshActor_0 Label:Floor SpatiallyLoaded:true EditorBounds:IsValid=true, Min=(X=920.000 Y=0.000 Z=-50.000), Max=(X=3920.000 Y=3500.000 Z=0.000) RuntimeBounds:IsValid=true, Min=(X=920.000 Y=0.000 Z=-50.000), Max=(X=3920.000 Y=3500.000 Z=0.000) RuntimeGrid:None EditorOnly:false RuntimeOnly:false HLODRelevant:true ListedInSceneOutliner:true IsMainWorldOnly:false FolderGuid:6C02BB504B69D1F3D7A624B130C18E5B
 |   |   |- Guid:8FC9C694432EE4A19741DA90DDEF25E1 NativeClass:/Script/Engine.StaticMeshActor Name:StaticMeshActor_UAID_D4939025BD88B06B02_2051514477 Label:SM_Cube17 SpatiallyLoaded:true EditorBounds:IsValid=true, Min=(X=2375.000 Y=600.000 Z=0.000), Max=(X=2400.000 Y=700.000 Z=300.000) RuntimeBounds:IsValid=true, Min=(X=2375.000 Y=600.000 Z=0.000), Max=(X=2400.000 Y=700.000 Z=300.000) RuntimeGrid:None EditorOnly:false RuntimeOnly:false HLODRelevant:true ListedInSceneOutliner:true IsMainWorldOnly:false FolderPath:Living Room FolderGuid:F6043FAC41042C080443A3BC5ADAED3B
 |   |   |- Guid:91ADFC4A42614BCBD351B4ADE3154CAF NativeClass:/Script/Engine.StaticMeshActor Name:StaticMeshActor_UAID_D4939025BD88B16B02_1083705655 Label:SM_Cube19 SpatiallyLoaded:true EditorBounds:IsValid=true, Min=(X=2375.000 Y=1100.000 Z=0.000), Max=(X=2400.000 Y=1300.000 Z=300.000) RuntimeBounds:IsValid=true, Min=(X=2375.000 Y=1100.000 Z=0.000), Max=(X=2400.000 Y=1300.000 Z=300.000) RuntimeGrid:None EditorOnly:false RuntimeOnly:false HLODRelevant:true ListedInSceneOutliner:true IsMainWorldOnly:false FolderPath:Kitchen FolderGuid:CC0139254EED4E73DEEB9A8B497EFBE6
 |   |   |- Guid:A354B1B24E617A525DC6B48CCDE2417E NativeClass:/Script/Engine.PlayerStart Name:PlayerStart_0 Label:PlayerStart SpatiallyLoaded:false EditorBounds:IsValid=true, Min=(X=2617.000 Y=-68.000 Z=-35.987), Max=(X=2925.000 Y=188.000 Z=220.013) RuntimeBounds:IsValid=true, Min=(X=2715.000 Y=30.000 Z=23.013), Max=(X=2775.000 Y=90.000 Z=161.013) RuntimeGrid:None EditorOnly:false RuntimeOnly:false HLODRelevant:false ListedInSceneOutliner:true IsMainWorldOnly:false
 |   |   |- Guid:BAAC12CC404295408A22A3828B8289BA NativeClass:/Script/Engine.StaticMeshActor Name:StaticMeshActor_UAID_D4939025BD88B06B02_1783227470 Label:SM_Cube10 SpatiallyLoaded:true EditorBounds:IsValid=true, Min=(X=2375.000 Y=225.000 Z=0.000), Max=(X=2400.000 Y=325.000 Z=300.000) RuntimeBounds:IsValid=true, Min=(X=2375.000 Y=225.000 Z=0.000), Max=(X=2400.000 Y=325.000 Z=300.000) RuntimeGrid:None EditorOnly:false RuntimeOnly:false HLODRelevant:true ListedInSceneOutliner:true IsMainWorldOnly:false FolderPath:Living Room FolderGuid:F6043FAC41042C080443A3BC5ADAED3B
 |   |   |- Guid:BDE9DC374A3848178BD41B9B03954763 NativeClass:/Script/Engine.StaticMeshActor Name:StaticMeshActor_UAID_D4939025BD88B06B02_1950007475 Label:SM_Cube15 SpatiallyLoaded:true EditorBounds:IsValid=true, Min=(X=1800.000 Y=200.000 Z=0.000), Max=(X=1825.000 Y=700.000 Z=300.000) RuntimeBounds:IsValid=true, Min=(X=1800.000 Y=200.000 Z=0.000), Max=(X=1825.000 Y=700.000 Z=300.000) RuntimeGrid:None EditorOnly:false RuntimeOnly:false HLODRelevant:true ListedInSceneOutliner:true IsMainWorldOnly:false FolderPath:Dinning Room FolderGuid:7144BF7847D9813E5E53C6A1DDE3D1F6
 |   |   |- Guid:DABA562946DD5FF54893348BCB648F4C NativeClass:/Script/Engine.StaticMeshActor Name:StaticMeshActor_UAID_D4939025BD88B06B02_1871723474 Label:SM_Cube14 SpatiallyLoaded:true EditorBounds:IsValid=true, Min=(X=1825.000 Y=200.000 Z=0.000), Max=(X=2125.000 Y=225.000 Z=300.000) RuntimeBounds:IsValid=true, Min=(X=1825.000 Y=200.000 Z=0.000), Max=(X=2125.000 Y=225.000 Z=300.000) RuntimeGrid:None EditorOnly:false RuntimeOnly:false HLODRelevant:true ListedInSceneOutliner:true IsMainWorldOnly:false FolderPath:Dinning Room FolderGuid:7144BF7847D9813E5E53C6A1DDE3D1F6
 |   |   |- Guid:EB2B2D8A41344E52F98ED0A8311BA125 NativeClass:/Script/Engine.StaticMeshActor Name:StaticMeshActor_UAID_D4939025BD88B06B02_2107373478 Label:SM_Cube18 SpatiallyLoaded:true EditorBounds:IsValid=true, Min=(X=2375.000 Y=725.000 Z=0.000), Max=(X=2400.000 Y=925.000 Z=300.000) RuntimeBounds:IsValid=true, Min=(X=2375.000 Y=725.000 Z=0.000), Max=(X=2400.000 Y=925.000 Z=300.000) RuntimeGrid:None EditorOnly:false RuntimeOnly:false HLODRelevant:true ListedInSceneOutliner:true IsMainWorldOnly:false FolderPath:Kitchen FolderGuid:CC0139254EED4E73DEEB9A8B497EFBE6
 |   |   |- Guid:F553A0264764EED10763D6B00E5A74B2 NativeClass:/Script/Engine.StaticMeshActor Name:StaticMeshActor_UAID_D4939025BD88B06B02_1998323476 Label:SM_Cube16 SpatiallyLoaded:true EditorBounds:IsValid=true, Min=(X=1800.000 Y=700.000 Z=0.000), Max=(X=2400.000 Y=725.000 Z=300.000) RuntimeBounds:IsValid=true, Min=(X=1800.000 Y=700.000 Z=0.000), Max=(X=2400.000 Y=725.000 Z=300.000) RuntimeGrid:None EditorOnly:false RuntimeOnly:false HLODRelevant:true ListedInSceneOutliner:true IsMainWorldOnly:false FolderPath:Dinning Room FolderGuid:7144BF7847D9813E5E53C6A1DDE3D1F6
 |   |   |- Guid:F80621C9446867154938FE81375207DA NativeClass:/Script/Engine.DirectionalLight Name:DirectionalLight_1 Label:DirectionalLight SpatiallyLoaded:false EditorBounds:IsValid=false, Min=(X=0.000 Y=0.000 Z=0.000), Max=(X=0.000 Y=0.000 Z=0.000) RuntimeBounds:IsValid=false, Min=(X=0.000 Y=0.000 Z=0.000), Max=(X=0.000 Y=0.000 Z=0.000) RuntimeGrid:None EditorOnly:false RuntimeOnly:false HLODRelevant:false ListedInSceneOutliner:true IsMainWorldOnly:false FolderPath:Lighting FolderGuid:0BA5F0A04EADB18E70D5B180D08FA34B
 |   |   |- Guid:FEE87CFC4D8BE09B5ACCAF802F91551C NativeClass:/Script/Engine.StaticMeshActor Name:StaticMeshActor_UAID_D4939025BD88B06B02_1519745467 Label:SM_Cube11 SpatiallyLoaded:true EditorBounds:IsValid=true, Min=(X=2950.000 Y=200.000 Z=0.000), Max=(X=2975.000 Y=225.000 Z=300.000) RuntimeBounds:IsValid=true, Min=(X=2950.000 Y=200.000 Z=0.000), Max=(X=2975.000 Y=225.000 Z=300.000) RuntimeGrid:None EditorOnly:false RuntimeOnly:false HLODRelevant:true ListedInSceneOutliner:true IsMainWorldOnly:false FolderPath:Living Room FolderGuid:F6043FAC41042C080443A3BC5ADAED3B
 |   |- [+] Clusters:
 |   |   |- [+] [  0]
 |   |   |   |- Guid:0EDB289B45CB7E0977A6DBA74201EE76 NativeClass:/Script/Engine.StaticMeshActor Name:StaticMeshActor_10 Label:SM_Cube6 SpatiallyLoaded:true EditorBounds:IsValid=true, Min=(X=2975.000 Y=0.000 Z=0.000), Max=(X=3000.000 Y=700.000 Z=300.000) RuntimeBounds:IsValid=true, Min=(X=2975.000 Y=0.000 Z=0.000), Max=(X=3000.000 Y=700.000 Z=300.000) RuntimeGrid:None EditorOnly:false RuntimeOnly:false HLODRelevant:true ListedInSceneOutliner:true IsMainWorldOnly:false FolderPath:Living Room FolderGuid:F6043FAC41042C080443A3BC5ADAED3B
 |   |   |- [+] [  1]
 |   |   |   |- Guid:141E6F4741B7C83C4D498D9918BFF2A5 NativeClass:/Script/Engine.StaticMeshActor Name:StaticMeshActor_UAID_D4939025BD88B16B02_1220343662 Label:SM_Cube24 SpatiallyLoaded:true EditorBounds:IsValid=true, Min=(X=2600.000 Y=700.000 Z=0.000), Max=(X=3000.000 Y=725.000 Z=300.000) RuntimeBounds:IsValid=true, Min=(X=2600.000 Y=700.000 Z=0.000), Max=(X=3000.000 Y=725.000 Z=300.000) RuntimeGrid:None EditorOnly:false RuntimeOnly:false HLODRelevant:true ListedInSceneOutliner:true IsMainWorldOnly:false FolderPath:Living Room FolderGuid:F6043FAC41042C080443A3BC5ADAED3B
 |   |   |- [+] [  2]
 |   |   |   |- Guid:234C0BB54E2539E32CD3AD984C5967CA NativeClass:/Script/Engine.StaticMeshActor Name:StaticMeshActor_UAID_D4939025BD88B16B02_1179577661 Label:SM_Cube23 SpatiallyLoaded:true EditorBounds:IsValid=true, Min=(X=2350.000 Y=1200.000 Z=0.000), Max=(X=2375.000 Y=1275.000 Z=300.000) RuntimeBounds:IsValid=true, Min=(X=2350.000 Y=1200.000 Z=0.000), Max=(X=2375.000 Y=1275.000 Z=300.000) RuntimeGrid:None EditorOnly:false RuntimeOnly:false HLODRelevant:true ListedInSceneOutliner:true IsMainWorldOnly:false FolderPath:Kitchen FolderGuid:CC0139254EED4E73DEEB9A8B497EFBE6
 |   |   |- [+] [  3]
 |   |   |   |- Guid:29CD034542F9FDE689CC748BA4E1AA6F NativeClass:/Script/Engine.StaticMeshActor Name:StaticMeshActor_UAID_D4939025BD88B06B02_1733727469 Label:SM_Cube13 SpatiallyLoaded:true EditorBounds:IsValid=true, Min=(X=2275.000 Y=200.000 Z=0.000), Max=(X=2475.000 Y=225.000 Z=300.000) RuntimeBounds:IsValid=true, Min=(X=2275.000 Y=200.000 Z=0.000), Max=(X=2475.000 Y=225.000 Z=300.000) RuntimeGrid:None EditorOnly:false RuntimeOnly:false HLODRelevant:true ListedInSceneOutliner:true IsMainWorldOnly:false FolderPath:Dinning Room FolderGuid:7144BF7847D9813E5E53C6A1DDE3D1F6
 |   |   |- [+] [  4]
 |   |   |   |- Guid:2BF6C27C4CD5666ABB9EE7A390AA38EC NativeClass:/Script/Engine.StaticMeshActor Name:StaticMeshActor_UAID_D4939025BD88B06B02_1419043465 Label:SM_Cube9 SpatiallyLoaded:true EditorBounds:IsValid=true, Min=(X=2475.000 Y=0.000 Z=0.000), Max=(X=2500.000 Y=225.000 Z=300.000) RuntimeBounds:IsValid=true, Min=(X=2475.000 Y=0.000 Z=0.000), Max=(X=2500.000 Y=225.000 Z=300.000) RuntimeGrid:None EditorOnly:false RuntimeOnly:false HLODRelevant:true ListedInSceneOutliner:true IsMainWorldOnly:false FolderPath:Living Room FolderGuid:F6043FAC41042C080443A3BC5ADAED3B
 |   |   |- [+] [  5]
 |   |   |   |- Guid:403139F84F19A138FD757E8EA1A93D0A NativeClass:/Script/Engine.StaticMeshActor Name:StaticMeshActor_UAID_D4939025BD88B06B02_1609571468 Label:SM_Cube12 SpatiallyLoaded:true EditorBounds:IsValid=true, Min=(X=2500.000 Y=200.000 Z=0.000), Max=(X=2600.000 Y=225.000 Z=300.000) RuntimeBounds:IsValid=true, Min=(X=2500.000 Y=200.000 Z=0.000), Max=(X=2600.000 Y=225.000 Z=300.000) RuntimeGrid:None EditorOnly:false RuntimeOnly:false HLODRelevant:true ListedInSceneOutliner:true IsMainWorldOnly:false FolderPath:Living Room FolderGuid:F6043FAC41042C080443A3BC5ADAED3B
 |   |   |- [+] [  6]
 |   |   |   |- Guid:4661892043105C3F2A246B9EA5B33949 NativeClass:/Script/Engine.StaticMeshActor Name:StaticMeshActor_UAID_D4939025BD88B06B02_1352225463 Label:SM_Cube7 SpatiallyLoaded:true EditorBounds:IsValid=true, Min=(X=2900.000 Y=-25.000 Z=0.000), Max=(X=3000.000 Y=0.000 Z=300.000) RuntimeBounds:IsValid=true, Min=(X=2900.000 Y=-25.000 Z=0.000), Max=(X=3000.000 Y=0.000 Z=300.000) RuntimeGrid:None EditorOnly:false RuntimeOnly:false HLODRelevant:true ListedInSceneOutliner:true IsMainWorldOnly:false FolderPath:Living Room FolderGuid:F6043FAC41042C080443A3BC5ADAED3B
 |   |   |- [+] [  7]
 |   |   |   |- Guid:59845A9A4B2F3991C82805889D87C5F6 NativeClass:/Script/Engine.StaticMeshActor Name:StaticMeshActor_UAID_D4939025BD88B16B02_1149380660 Label:SM_Cube22 SpatiallyLoaded:true EditorBounds:IsValid=true, Min=(X=1825.000 Y=725.000 Z=0.000), Max=(X=1850.000 Y=800.000 Z=300.000) RuntimeBounds:IsValid=true, Min=(X=1825.000 Y=725.000 Z=0.000), Max=(X=1850.000 Y=800.000 Z=300.000) RuntimeGrid:None EditorOnly:false RuntimeOnly:false HLODRelevant:true ListedInSceneOutliner:true IsMainWorldOnly:false FolderPath:Kitchen FolderGuid:CC0139254EED4E73DEEB9A8B497EFBE6
 |   |   |- [+] [  8]
 |   |   |   |- Guid:5F75F747413F2CF1B13056A1A5CAF9B2 NativeClass:/Script/Engine.StaticMeshActor Name:StaticMeshActor_UAID_D4939025BD88B16B02_1135419659 Label:SM_Cube21 SpatiallyLoaded:true EditorBounds:IsValid=true, Min=(X=1800.000 Y=725.000 Z=0.000), Max=(X=1825.000 Y=1300.000 Z=300.000) RuntimeBounds:IsValid=true, Min=(X=1800.000 Y=725.000 Z=0.000), Max=(X=1825.000 Y=1300.000 Z=300.000) RuntimeGrid:None EditorOnly:false RuntimeOnly:false HLODRelevant:true ListedInSceneOutliner:true IsMainWorldOnly:false FolderPath:Kitchen FolderGuid:CC0139254EED4E73DEEB9A8B497EFBE6
 |   |   |- [+] [  9]
 |   |   |   |- Guid:65308EB14FD820A4FDFAF5B8AA11C2D9 NativeClass:/Script/Engine.StaticMeshActor Name:StaticMeshActor_UAID_D4939025BD88B16B02_1100224656 Label:SM_Cube20 SpatiallyLoaded:true EditorBounds:IsValid=true, Min=(X=1825.000 Y=1275.000 Z=0.000), Max=(X=2375.000 Y=1300.000 Z=300.000) RuntimeBounds:IsValid=true, Min=(X=1825.000 Y=1275.000 Z=0.000), Max=(X=2375.000 Y=1300.000 Z=300.000) RuntimeGrid:None EditorOnly:false RuntimeOnly:false HLODRelevant:true ListedInSceneOutliner:true IsMainWorldOnly:false FolderPath:Kitchen FolderGuid:CC0139254EED4E73DEEB9A8B497EFBE6
 |   |   |- [+] [ 10]
 |   |   |   |- Guid:6DC2106B4B0DCD0A03CAA3BD585903B2 NativeClass:/Script/Engine.StaticMeshActor Name:StaticMeshActor_UAID_D4939025BD88B06B02_1404076464 Label:SM_Cube8 SpatiallyLoaded:true EditorBounds:IsValid=true, Min=(X=2475.000 Y=-25.000 Z=0.000), Max=(X=2600.000 Y=0.000 Z=300.000) RuntimeBounds:IsValid=true, Min=(X=2475.000 Y=-25.000 Z=0.000), Max=(X=2600.000 Y=0.000 Z=300.000) RuntimeGrid:None EditorOnly:false RuntimeOnly:false HLODRelevant:true ListedInSceneOutliner:true IsMainWorldOnly:false FolderPath:Living Room FolderGuid:F6043FAC41042C080443A3BC5ADAED3B
 |   |   |- [+] [ 11]
 |   |   |   |- Guid:6FEFB3BD4EB37B849EF0D4AC80F83855 NativeClass:/Script/Engine.WorldDataLayers Name:WorldDataLayers Label:WorldDataLayers SpatiallyLoaded:false EditorBounds:IsValid=true, Min=(X=0.000 Y=0.000 Z=0.000), Max=(X=0.000 Y=0.000 Z=0.000) RuntimeBounds:IsValid=true, Min=(X=0.000 Y=0.000 Z=0.000), Max=(X=0.000 Y=0.000 Z=0.000) RuntimeGrid:None EditorOnly:false RuntimeOnly:false HLODRelevant:false ListedInSceneOutliner:true IsMainWorldOnly:true
 |   |   |- [+] [ 12]
 |   |   |   |- Guid:78CAF7514C7533F30BD2F19A017AAB65 NativeClass:/Script/Engine.StaticMeshActor Name:StaticMeshActor_0 Label:Floor SpatiallyLoaded:true EditorBounds:IsValid=true, Min=(X=920.000 Y=0.000 Z=-50.000), Max=(X=3920.000 Y=3500.000 Z=0.000) RuntimeBounds:IsValid=true, Min=(X=920.000 Y=0.000 Z=-50.000), Max=(X=3920.000 Y=3500.000 Z=0.000) RuntimeGrid:None EditorOnly:false RuntimeOnly:false HLODRelevant:true ListedInSceneOutliner:true IsMainWorldOnly:false FolderGuid:6C02BB504B69D1F3D7A624B130C18E5B
 |   |   |- [+] [ 13]
 |   |   |   |- Guid:8FC9C694432EE4A19741DA90DDEF25E1 NativeClass:/Script/Engine.StaticMeshActor Name:StaticMeshActor_UAID_D4939025BD88B06B02_2051514477 Label:SM_Cube17 SpatiallyLoaded:true EditorBounds:IsValid=true, Min=(X=2375.000 Y=600.000 Z=0.000), Max=(X=2400.000 Y=700.000 Z=300.000) RuntimeBounds:IsValid=true, Min=(X=2375.000 Y=600.000 Z=0.000), Max=(X=2400.000 Y=700.000 Z=300.000) RuntimeGrid:None EditorOnly:false RuntimeOnly:false HLODRelevant:true ListedInSceneOutliner:true IsMainWorldOnly:false FolderPath:Living Room FolderGuid:F6043FAC41042C080443A3BC5ADAED3B
 |   |   |- [+] [ 14]
 |   |   |   |- Guid:91ADFC4A42614BCBD351B4ADE3154CAF NativeClass:/Script/Engine.StaticMeshActor Name:StaticMeshActor_UAID_D4939025BD88B16B02_1083705655 Label:SM_Cube19 SpatiallyLoaded:true EditorBounds:IsValid=true, Min=(X=2375.000 Y=1100.000 Z=0.000), Max=(X=2400.000 Y=1300.000 Z=300.000) RuntimeBounds:IsValid=true, Min=(X=2375.000 Y=1100.000 Z=0.000), Max=(X=2400.000 Y=1300.000 Z=300.000) RuntimeGrid:None EditorOnly:false RuntimeOnly:false HLODRelevant:true ListedInSceneOutliner:true IsMainWorldOnly:false FolderPath:Kitchen FolderGuid:CC0139254EED4E73DEEB9A8B497EFBE6
 |   |   |- [+] [ 15]
 |   |   |   |- Guid:A354B1B24E617A525DC6B48CCDE2417E NativeClass:/Script/Engine.PlayerStart Name:PlayerStart_0 Label:PlayerStart SpatiallyLoaded:false EditorBounds:IsValid=true, Min=(X=2617.000 Y=-68.000 Z=-35.987), Max=(X=2925.000 Y=188.000 Z=220.013) RuntimeBounds:IsValid=true, Min=(X=2715.000 Y=30.000 Z=23.013), Max=(X=2775.000 Y=90.000 Z=161.013) RuntimeGrid:None EditorOnly:false RuntimeOnly:false HLODRelevant:false ListedInSceneOutliner:true IsMainWorldOnly:false
 |   |   |- [+] [ 16]
 |   |   |   |- Guid:BAAC12CC404295408A22A3828B8289BA NativeClass:/Script/Engine.StaticMeshActor Name:StaticMeshActor_UAID_D4939025BD88B06B02_1783227470 Label:SM_Cube10 SpatiallyLoaded:true EditorBounds:IsValid=true, Min=(X=2375.000 Y=225.000 Z=0.000), Max=(X=2400.000 Y=325.000 Z=300.000) RuntimeBounds:IsValid=true, Min=(X=2375.000 Y=225.000 Z=0.000), Max=(X=2400.000 Y=325.000 Z=300.000) RuntimeGrid:None EditorOnly:false RuntimeOnly:false HLODRelevant:true ListedInSceneOutliner:true IsMainWorldOnly:false FolderPath:Living Room FolderGuid:F6043FAC41042C080443A3BC5ADAED3B
 |   |   |- [+] [ 17]
 |   |   |   |- Guid:BDE9DC374A3848178BD41B9B03954763 NativeClass:/Script/Engine.StaticMeshActor Name:StaticMeshActor_UAID_D4939025BD88B06B02_1950007475 Label:SM_Cube15 SpatiallyLoaded:true EditorBounds:IsValid=true, Min=(X=1800.000 Y=200.000 Z=0.000), Max=(X=1825.000 Y=700.000 Z=300.000) RuntimeBounds:IsValid=true, Min=(X=1800.000 Y=200.000 Z=0.000), Max=(X=1825.000 Y=700.000 Z=300.000) RuntimeGrid:None EditorOnly:false RuntimeOnly:false HLODRelevant:true ListedInSceneOutliner:true IsMainWorldOnly:false FolderPath:Dinning Room FolderGuid:7144BF7847D9813E5E53C6A1DDE3D1F6
 |   |   |- [+] [ 18]
 |   |   |   |- Guid:DABA562946DD5FF54893348BCB648F4C NativeClass:/Script/Engine.StaticMeshActor Name:StaticMeshActor_UAID_D4939025BD88B06B02_1871723474 Label:SM_Cube14 SpatiallyLoaded:true EditorBounds:IsValid=true, Min=(X=1825.000 Y=200.000 Z=0.000), Max=(X=2125.000 Y=225.000 Z=300.000) RuntimeBounds:IsValid=true, Min=(X=1825.000 Y=200.000 Z=0.000), Max=(X=2125.000 Y=225.000 Z=300.000) RuntimeGrid:None EditorOnly:false RuntimeOnly:false HLODRelevant:true ListedInSceneOutliner:true IsMainWorldOnly:false FolderPath:Dinning Room FolderGuid:7144BF7847D9813E5E53C6A1DDE3D1F6
 |   |   |- [+] [ 19]
 |   |   |   |- Guid:EB2B2D8A41344E52F98ED0A8311BA125 NativeClass:/Script/Engine.StaticMeshActor Name:StaticMeshActor_UAID_D4939025BD88B06B02_2107373478 Label:SM_Cube18 SpatiallyLoaded:true EditorBounds:IsValid=true, Min=(X=2375.000 Y=725.000 Z=0.000), Max=(X=2400.000 Y=925.000 Z=300.000) RuntimeBounds:IsValid=true, Min=(X=2375.000 Y=725.000 Z=0.000), Max=(X=2400.000 Y=925.000 Z=300.000) RuntimeGrid:None EditorOnly:false RuntimeOnly:false HLODRelevant:true ListedInSceneOutliner:true IsMainWorldOnly:false FolderPath:Kitchen FolderGuid:CC0139254EED4E73DEEB9A8B497EFBE6
 |   |   |- [+] [ 20]
 |   |   |   |- Guid:F553A0264764EED10763D6B00E5A74B2 NativeClass:/Script/Engine.StaticMeshActor Name:StaticMeshActor_UAID_D4939025BD88B06B02_1998323476 Label:SM_Cube16 SpatiallyLoaded:true EditorBounds:IsValid=true, Min=(X=1800.000 Y=700.000 Z=0.000), Max=(X=2400.000 Y=725.000 Z=300.000) RuntimeBounds:IsValid=true, Min=(X=1800.000 Y=700.000 Z=0.000), Max=(X=2400.000 Y=725.000 Z=300.000) RuntimeGrid:None EditorOnly:false RuntimeOnly:false HLODRelevant:true ListedInSceneOutliner:true IsMainWorldOnly:false FolderPath:Dinning Room FolderGuid:7144BF7847D9813E5E53C6A1DDE3D1F6
 |   |   |- [+] [ 21]
 |   |   |   |- Guid:F80621C9446867154938FE81375207DA NativeClass:/Script/Engine.DirectionalLight Name:DirectionalLight_1 Label:DirectionalLight SpatiallyLoaded:false EditorBounds:IsValid=false, Min=(X=0.000 Y=0.000 Z=0.000), Max=(X=0.000 Y=0.000 Z=0.000) RuntimeBounds:IsValid=false, Min=(X=0.000 Y=0.000 Z=0.000), Max=(X=0.000 Y=0.000 Z=0.000) RuntimeGrid:None EditorOnly:false RuntimeOnly:false HLODRelevant:false ListedInSceneOutliner:true IsMainWorldOnly:false FolderPath:Lighting FolderGuid:0BA5F0A04EADB18E70D5B180D08FA34B
 |   |   |- [+] [ 22]
 |   |   |   |- Guid:FEE87CFC4D8BE09B5ACCAF802F91551C NativeClass:/Script/Engine.StaticMeshActor Name:StaticMeshActor_UAID_D4939025BD88B06B02_1519745467 Label:SM_Cube11 SpatiallyLoaded:true EditorBounds:IsValid=true, Min=(X=2950.000 Y=200.000 Z=0.000), Max=(X=2975.000 Y=225.000 Z=300.000) RuntimeBounds:IsValid=true, Min=(X=2950.000 Y=200.000 Z=0.000), Max=(X=2975.000 Y=225.000 Z=300.000) RuntimeGrid:None EditorOnly:false RuntimeOnly:false HLODRelevant:true ListedInSceneOutliner:true IsMainWorldOnly:false FolderPath:Living Room FolderGuid:F6043FAC41042C080443A3BC5ADAED3B
 |- ContainerInstances:
 |- [+] MainContainer:
 |   |-        ID: 00000000000000000000000000000000
 |   |-  ParentID: 00000000000000000000000000000000
 |   |-    Bounds: IsValid=false, Min=(X=0.000 Y=0.000 Z=0.000), Max=(X=0.000 Y=0.000 Z=0.000)
 |   |- Transform: 0.000000,0.000000,0.000000|0.000000,0.000000,-0.000000|1.000000,1.000000,1.000000
 |   |- Container: /Game/FirstPerson/Maps/FirstPersonMap
----------------------------------------------------------------------------------------------------------------
FirstPersonMap - Persistent Level
----------------------------------------------------------------------------------------------------------------
[+] Content of FirstPersonMap Persistent Level
 |- Always loaded Actor Count: 23 
 |- Actor Path: /Game/FirstPerson/Maps/FirstPersonMap.FirstPersonMap:PersistentLevel.DirectionalLight_1
 |- Actor Package: /Game/__ExternalActors__/FirstPerson/Maps/FirstPersonMap/0/WB/V4ALNTJYOVWM8BU452CKV5
 |- Actor Path: /Game/FirstPerson/Maps/FirstPersonMap.FirstPersonMap:PersistentLevel.PlayerStart_0
 |- Actor Package: /Game/__ExternalActors__/FirstPerson/Maps/FirstPersonMap/8/Z7/W1SXRCM1KAKBJOIZDLHZ47
 |- Actor Path: /Game/FirstPerson/Maps/FirstPersonMap.FirstPersonMap:PersistentLevel.StaticMeshActor_0
 |- Actor Package: /Game/__ExternalActors__/FirstPerson/Maps/FirstPersonMap/7/L5/1ZJ54FMA0DAL3I2Q8RFAIB
 |- Actor Path: /Game/FirstPerson/Maps/FirstPersonMap.FirstPersonMap:PersistentLevel.StaticMeshActor_10
 |- Actor Package: /Game/__ExternalActors__/FirstPerson/Maps/FirstPersonMap/A/XJ/HL558UUAGCS9HVVOI0S7PX
 |- Actor Path: /Game/FirstPerson/Maps/FirstPersonMap.FirstPersonMap:PersistentLevel.StaticMeshActor_UAID_D4939025BD88B06B02_1352225463
 |- Actor Package: /Game/__ExternalActors__/FirstPerson/Maps/FirstPersonMap/8/13/FELS6L1KMBRTYDTPYLWYXR
 |- Actor Path: /Game/FirstPerson/Maps/FirstPersonMap.FirstPersonMap:PersistentLevel.StaticMeshActor_UAID_D4939025BD88B06B02_1404076464
 |- Actor Package: /Game/__ExternalActors__/FirstPerson/Maps/FirstPersonMap/C/D3/6Q4Z384KGZU3I98798FMI2
 |- Actor Path: /Game/FirstPerson/Maps/FirstPersonMap.FirstPersonMap:PersistentLevel.StaticMeshActor_UAID_D4939025BD88B06B02_1419043465
 |- Actor Package: /Game/__ExternalActors__/FirstPerson/Maps/FirstPersonMap/8/XB/Y3ZVGDGJSAXFQDT721DTRE
 |- Actor Path: /Game/FirstPerson/Maps/FirstPersonMap.FirstPersonMap:PersistentLevel.StaticMeshActor_UAID_D4939025BD88B06B02_1519745467
 |- Actor Package: /Game/__ExternalActors__/FirstPerson/Maps/FirstPersonMap/D/FS/7YC7LB74E4C0372F5EQRVE
 |- Actor Path: /Game/FirstPerson/Maps/FirstPersonMap.FirstPersonMap:PersistentLevel.StaticMeshActor_UAID_D4939025BD88B06B02_1609571468
 |- Actor Package: /Game/__ExternalActors__/FirstPerson/Maps/FirstPersonMap/7/XK/PY3COZBYW4EAQQI84Y5BJ5
 |- Actor Path: /Game/FirstPerson/Maps/FirstPersonMap.FirstPersonMap:PersistentLevel.StaticMeshActor_UAID_D4939025BD88B06B02_1733727469
 |- Actor Package: /Game/__ExternalActors__/FirstPerson/Maps/FirstPersonMap/1/5X/QIAH8GE3YVV49JRD4S5ZKA
 |- Actor Path: /Game/FirstPerson/Maps/FirstPersonMap.FirstPersonMap:PersistentLevel.StaticMeshActor_UAID_D4939025BD88B06B02_1783227470
 |- Actor Package: /Game/__ExternalActors__/FirstPerson/Maps/FirstPersonMap/B/OD/G8NM06HE34SW48P3C33EZS
 |- Actor Path: /Game/FirstPerson/Maps/FirstPersonMap.FirstPersonMap:PersistentLevel.StaticMeshActor_UAID_D4939025BD88B06B02_1871723474
 |- Actor Package: /Game/__ExternalActors__/FirstPerson/Maps/FirstPersonMap/3/76/5Q8TD93MM0S90BFO9SQAXT
 |- Actor Path: /Game/FirstPerson/Maps/FirstPersonMap.FirstPersonMap:PersistentLevel.StaticMeshActor_UAID_D4939025BD88B06B02_1950007475
 |- Actor Package: /Game/__ExternalActors__/FirstPerson/Maps/FirstPersonMap/8/6P/2HOVZSFHIN53QEJ3QFMCP9
 |- Actor Path: /Game/FirstPerson/Maps/FirstPersonMap.FirstPersonMap:PersistentLevel.StaticMeshActor_UAID_D4939025BD88B06B02_1998323476
 |- Actor Package: /Game/__ExternalActors__/FirstPerson/Maps/FirstPersonMap/0/K6/A3X0LPZJ6ST1SSSAQOYN6P
 |- Actor Path: /Game/FirstPerson/Maps/FirstPersonMap.FirstPersonMap:PersistentLevel.StaticMeshActor_UAID_D4939025BD88B06B02_2051514477
 |- Actor Package: /Game/__ExternalActors__/FirstPerson/Maps/FirstPersonMap/5/EM/IH95P7KQYKEV5OGM5SVDRC
 |- Actor Path: /Game/FirstPerson/Maps/FirstPersonMap.FirstPersonMap:PersistentLevel.StaticMeshActor_UAID_D4939025BD88B06B02_2107373478
 |- Actor Package: /Game/__ExternalActors__/FirstPerson/Maps/FirstPersonMap/D/IH/UPDMHE26W2MMVVDNIZRT8Y
 |- Actor Path: /Game/FirstPerson/Maps/FirstPersonMap.FirstPersonMap:PersistentLevel.StaticMeshActor_UAID_D4939025BD88B16B02_1083705655
 |- Actor Package: /Game/__ExternalActors__/FirstPerson/Maps/FirstPersonMap/E/YT/IK1I3XJ9RZR7OAFIPW10CC
 |- Actor Path: /Game/FirstPerson/Maps/FirstPersonMap.FirstPersonMap:PersistentLevel.StaticMeshActor_UAID_D4939025BD88B16B02_1100224656
 |- Actor Package: /Game/__ExternalActors__/FirstPerson/Maps/FirstPersonMap/3/1Z/CE4L2E2YRK3XXHLBB1QCHT
 |- Actor Path: /Game/FirstPerson/Maps/FirstPersonMap.FirstPersonMap:PersistentLevel.StaticMeshActor_UAID_D4939025BD88B16B02_1135419659
 |- Actor Package: /Game/__ExternalActors__/FirstPerson/Maps/FirstPersonMap/4/JK/IR1R4RKI3FKR4VUSOLZEIY
 |- Actor Path: /Game/FirstPerson/Maps/FirstPersonMap.FirstPersonMap:PersistentLevel.StaticMeshActor_UAID_D4939025BD88B16B02_1149380660
 |- Actor Package: /Game/__ExternalActors__/FirstPerson/Maps/FirstPersonMap/0/HI/MNVZLHW97GY7H97D6GVBVI
 |- Actor Path: /Game/FirstPerson/Maps/FirstPersonMap.FirstPersonMap:PersistentLevel.StaticMeshActor_UAID_D4939025BD88B16B02_1179577661
 |- Actor Package: /Game/__ExternalActors__/FirstPerson/Maps/FirstPersonMap/6/WS/W4CFJM2G5VNUHVN9JM9CGH
 |- Actor Path: /Game/FirstPerson/Maps/FirstPersonMap.FirstPersonMap:PersistentLevel.StaticMeshActor_UAID_D4939025BD88B16B02_1220343662
 |- Actor Package: /Game/__ExternalActors__/FirstPerson/Maps/FirstPersonMap/E/B7/QV8II88UOG4Q7QYQFY0GJK
 |- Actor Path: /Game/FirstPerson/Maps/FirstPersonMap.FirstPersonMap:PersistentLevel.WorldDataLayers
 |- Actor Package: /Game/__ExternalActors__/FirstPerson/Maps/FirstPersonMap/D/0W/E1FKEGVKGOLM7HGLQPCIPO

----------------------------------------------------------------------------------------------------------------
FirstPersonMap - Runtime Hash Set
----------------------------------------------------------------------------------------------------------------

